# JRE version: 7.0_25-b15
# Java VM: Java HotSpot(TM) 64-Bit Server VM (23.25-b01 mixed mode bsd-amd64 compressed oops)
Heap
 def new generation   total 6592K, used 3318K [0x00000007e5a00000, 0x00000007e6120000, 0x00000007ecb50000)
  eden space 5888K,  44% used [0x00000007e5a00000, 0x00000007e5c8daa8, 0x00000007e5fc0000)
  from space 704K, 100% used [0x00000007e6070000, 0x00000007e6120000, 0x00000007e6120000)
  to   space 704K,   0% used [0x00000007e5fc0000, 0x00000007e5fc0000, 0x00000007e6070000)
 tenured generation   total 14528K, used 9183K [0x00000007ecb50000, 0x00000007ed980000, 0x00000007fae00000)
   the space 14528K,  63% used [0x00000007ecb50000, 0x00000007ed447d50, 0x00000007ed447e00, 0x00000007ed980000)
 compacting perm gen  total 21248K, used 14104K [0x00000007fae00000, 0x00000007fc2c0000, 0x0000000800000000)
   the space 21248K,  66% used [0x00000007fae00000, 0x00000007fbbc6348, 0x00000007fbbc6400, 0x00000007fc2c0000)
GC Heap History (10 events):
Event: 7.826 GC heap before
{Heap before GC invocations=13 (full 0):
 def new generation   total 6528K, used 5844K [0x00000007e5a00000, 0x00000007e6110000, 0x00000007ecb50000)
  eden space 5824K, 100% used [0x00000007e5a00000, 0x00000007e5fb0000, 0x00000007e5fb0000)
  from space 704K,   2% used [0x00000007e6060000, 0x00000007e60652b0, 0x00000007e6110000)
  to   space 704K,   0% used [0x00000007e5fb0000, 0x00000007e5fb0000, 0x00000007e6060000)
 tenured generation   total 14528K, used 13328K [0x00000007ecb50000, 0x00000007ed980000, 0x00000007fae00000)
   the space 14528K,  91% used [0x00000007ecb50000, 0x00000007ed854008, 0x00000007ed854200, 0x00000007ed980000)
 compacting perm gen  total 21248K, used 13978K [0x00000007fae00000, 0x00000007fc2c0000, 0x0000000800000000)
   the space 21248K,  65% used [0x00000007fae00000, 0x00000007fbba6988, 0x00000007fbba6a00, 0x00000007fc2c0000)
No shared spaces configured.
Event: 7.828 GC heap after
Heap after GC invocations=14 (full 0):
 def new generation   total 6528K, used 42K [0x00000007e5a00000, 0x00000007e6110000, 0x00000007ecb50000)
  eden space 5824K,   0% used [0x00000007e5a00000, 0x00000007e5a00000, 0x00000007e5fb0000)
  from space 704K,   6% used [0x00000007e5fb0000, 0x00000007e5fbaaf8, 0x00000007e6060000)
  to   space 704K,   0% used [0x00000007e6060000, 0x00000007e6060000, 0x00000007e6110000)
 tenured generation   total 14528K, used 14352K [0x00000007ecb50000, 0x00000007ed980000, 0x00000007fae00000)
   the space 14528K,  98% used [0x00000007ecb50000, 0x00000007ed954018, 0x00000007ed954200, 0x00000007ed980000)
 compacting perm gen  total 21248K, used 13978K [0x00000007fae00000, 0x00000007fc2c0000, 0x0000000800000000)
   the space 21248K,  65% used [0x00000007fae00000, 0x00000007fbba6988, 0x00000007fbba6a00, 0x00000007fc2c0000)
No shared spaces configured.
}
Event: 7.860 GC heap before
{Heap before GC invocations=14 (full 0):
 def new generation   total 6528K, used 5866K [0x00000007e5a00000, 0x00000007e6110000, 0x00000007ecb50000)
  eden space 5824K, 100% used [0x00000007e5a00000, 0x00000007e5fb0000, 0x00000007e5fb0000)
  from space 704K,   6% used [0x00000007e5fb0000, 0x00000007e5fbaaf8, 0x00000007e6060000)
  to   space 704K,   0% used [0x00000007e6060000, 0x00000007e6060000, 0x00000007e6110000)
 tenured generation   total 14528K, used 14352K [0x00000007ecb50000, 0x00000007ed980000, 0x00000007fae00000)
   the space 14528K,  98% used [0x00000007ecb50000, 0x00000007ed954018, 0x00000007ed954200, 0x00000007ed980000)
 compacting perm gen  total 21248K, used 13982K [0x00000007fae00000, 0x00000007fc2c0000, 0x0000000800000000)
   the space 21248K,  65% used [0x00000007fae00000, 0x00000007fbba7b38, 0x00000007fbba7c00, 0x00000007fc2c0000)
No shared spaces configured.
Event: 7.897 GC heap after
Heap after GC invocations=15 (full 1):
 def new generation   total 6592K, used 0K [0x00000007e5a00000, 0x00000007e6120000, 0x00000007ecb50000)
  eden space 5888K,   0% used [0x00000007e5a00000, 0x00000007e5a00000, 0x00000007e5fc0000)
  from space 704K,   0% used [0x00000007e5fc0000, 0x00000007e5fc0000, 0x00000007e6070000)
  to   space 704K,   0% used [0x00000007e6070000, 0x00000007e6070000, 0x00000007e6120000)
 tenured generation   total 14528K, used 8269K [0x00000007ecb50000, 0x00000007ed980000, 0x00000007fae00000)
   the space 14528K,  56% used [0x00000007ecb50000, 0x00000007ed363770, 0x00000007ed363800, 0x00000007ed980000)
 compacting perm gen  total 21248K, used 13982K [0x00000007fae00000, 0x00000007fc2c0000, 0x0000000800000000)
   the space 21248K,  65% used [0x00000007fae00000, 0x00000007fbba7b38, 0x00000007fbba7c00, 0x00000007fc2c0000)
No shared spaces configured.
}
Event: 7.934 GC heap before
{Heap before GC invocations=15 (full 1):
 def new generation   total 6592K, used 5888K [0x00000007e5a00000, 0x00000007e6120000, 0x00000007ecb50000)
  eden space 5888K, 100% used [0x00000007e5a00000, 0x00000007e5fc0000, 0x00000007e5fc0000)
  from space 704K,   0% used [0x00000007e5fc0000, 0x00000007e5fc0000, 0x00000007e6070000)
  to   space 704K,   0% used [0x00000007e6070000, 0x00000007e6070000, 0x00000007e6120000)
 tenured generation   total 14528K, used 8269K [0x00000007ecb50000, 0x00000007ed980000, 0x00000007fae00000)
   the space 14528K,  56% used [0x00000007ecb50000, 0x00000007ed363770, 0x00000007ed363800, 0x00000007ed980000)
 compacting perm gen  total 21248K, used 13983K [0x00000007fae00000, 0x00000007fc2c0000, 0x0000000800000000)
   the space 21248K,  65% used [0x00000007fae00000, 0x00000007fbba7ee8, 0x00000007fbba8000, 0x00000007fc2c0000)
No shared spaces configured.
Event: 7.935 GC heap after
Heap after GC invocations=16 (full 1):
 def new generation   total 6592K, used 2K [0x00000007e5a00000, 0x00000007e6120000, 0x00000007ecb50000)
  eden space 5888K,   0% used [0x00000007e5a00000, 0x00000007e5a00000, 0x00000007e5fc0000)
  from space 704K,   0% used [0x00000007e6070000, 0x00000007e60709e8, 0x00000007e6120000)
  to   space 704K,   0% used [0x00000007e5fc0000, 0x00000007e5fc0000, 0x00000007e6070000)
 tenured generation   total 14528K, used 8269K [0x00000007ecb50000, 0x00000007ed980000, 0x00000007fae00000)
   the space 14528K,  56% used [0x00000007ecb50000, 0x00000007ed363770, 0x00000007ed363800, 0x00000007ed980000)
 compacting perm gen  total 21248K, used 13983K [0x00000007fae00000, 0x00000007fc2c0000, 0x0000000800000000)
   the space 21248K,  65% used [0x00000007fae00000, 0x00000007fbba7ee8, 0x00000007fbba8000, 0x00000007fc2c0000)
No shared spaces configured.
}
Event: 7.944 GC heap before
{Heap before GC invocations=16 (full 1):
 def new generation   total 6592K, used 5890K [0x00000007e5a00000, 0x00000007e6120000, 0x00000007ecb50000)
  eden space 5888K, 100% used [0x00000007e5a00000, 0x00000007e5fc0000, 0x00000007e5fc0000)
  from space 704K,   0% used [0x00000007e6070000, 0x00000007e60709e8, 0x00000007e6120000)
  to   space 704K,   0% used [0x00000007e5fc0000, 0x00000007e5fc0000, 0x00000007e6070000)
 tenured generation   total 14528K, used 8269K [0x00000007ecb50000, 0x00000007ed980000, 0x00000007fae00000)
   the space 14528K,  56% used [0x00000007ecb50000, 0x00000007ed363770, 0x00000007ed363800, 0x00000007ed980000)
 compacting perm gen  total 21248K, used 13983K [0x00000007fae00000, 0x00000007fc2c0000, 0x0000000800000000)
   the space 21248K,  65% used [0x00000007fae00000, 0x00000007fbba7ee8, 0x00000007fbba8000, 0x00000007fc2c0000)
No shared spaces configured.
Event: 7.944 GC heap after
Heap after GC invocations=17 (full 1):
 def new generation   total 6592K, used 2K [0x00000007e5a00000, 0x00000007e6120000, 0x00000007ecb50000)
  eden space 5888K,   0% used [0x00000007e5a00000, 0x00000007e5a00000, 0x00000007e5fc0000)
  from space 704K,   0% used [0x00000007e5fc0000, 0x00000007e5fc09e8, 0x00000007e6070000)
  to   space 704K,   0% used [0x00000007e6070000, 0x00000007e6070000, 0x00000007e6120000)
 tenured generation   total 14528K, used 8269K [0x00000007ecb50000, 0x00000007ed980000, 0x00000007fae00000)
   the space 14528K,  56% used [0x00000007ecb50000, 0x00000007ed363770, 0x00000007ed363800, 0x00000007ed980000)
 compacting perm gen  total 21248K, used 13983K [0x00000007fae00000, 0x00000007fc2c0000, 0x0000000800000000)
   the space 21248K,  65% used [0x00000007fae00000, 0x00000007fbba7ee8, 0x00000007fbba8000, 0x00000007fc2c0000)
No shared spaces configured.
}
Event: 11.313 GC heap before
{Heap before GC invocations=17 (full 1):
 def new generation   total 6592K, used 5890K [0x00000007e5a00000, 0x00000007e6120000, 0x00000007ecb50000)
  eden space 5888K, 100% used [0x00000007e5a00000, 0x00000007e5fc0000, 0x00000007e5fc0000)
  from space 704K,   0% used [0x00000007e5fc0000, 0x00000007e5fc09e8, 0x00000007e6070000)
  to   space 704K,   0% used [0x00000007e6070000, 0x00000007e6070000, 0x00000007e6120000)
 tenured generation   total 14528K, used 8269K [0x00000007ecb50000, 0x00000007ed980000, 0x00000007fae00000)
   the space 14528K,  56% used [0x00000007ecb50000, 0x00000007ed363770, 0x00000007ed363800, 0x00000007ed980000)
 compacting perm gen  total 21248K, used 14092K [0x00000007fae00000, 0x00000007fc2c0000, 0x0000000800000000)
   the space 21248K,  66% used [0x00000007fae00000, 0x00000007fbbc30f8, 0x00000007fbbc3200, 0x00000007fc2c0000)
No shared spaces configured.
Event: 11.317 GC heap after
Heap after GC invocations=18 (full 1):
 def new generation   total 6592K, used 704K [0x00000007e5a00000, 0x00000007e6120000, 0x00000007ecb50000)
  eden space 5888K,   0% used [0x00000007e5a00000, 0x00000007e5a00000, 0x00000007e5fc0000)
  from space 704K, 100% used [0x00000007e6070000, 0x00000007e6120000, 0x00000007e6120000)
  to   space 704K,   0% used [0x00000007e5fc0000, 0x00000007e5fc0000, 0x00000007e6070000)
 tenured generation   total 14528K, used 9183K [0x00000007ecb50000, 0x00000007ed980000, 0x00000007fae00000)
   the space 14528K,  63% used [0x00000007ecb50000, 0x00000007ed447d50, 0x00000007ed447e00, 0x00000007ed980000)
 compacting perm gen  total 21248K, used 14092K [0x00000007fae00000, 0x00000007fc2c0000, 0x0000000800000000)
   the space 21248K,  66% used [0x00000007fae00000, 0x00000007fbbc30f8, 0x00000007fbbc3200, 0x00000007fc2c0000)
No shared spaces configured.
}

